c:\program files\cheatgear\result\arkito\1\cpp\arkito\x64\debug\arkito.pch
c:\program files\cheatgear\result\arkito\1\cpp\arkito\x64\debug\vc143.pdb
c:\program files\cheatgear\result\arkito\1\cpp\arkito\x64\debug\vc143.idb
c:\program files\cheatgear\result\arkito\1\cpp\arkito\x64\debug\pch.obj
c:\program files\cheatgear\result\arkito\1\cpp\arkito\x64\debug\dllmain.obj
c:\program files\cheatgear\result\arkito\1\cpp\arkito\x64\debug\basictypes_package.obj
c:\program files\cheatgear\result\arkito\1\cpp\arkito\x64\debug\coreuobject_package.obj
c:\program files\cheatgear\result\arkito\1\cpp\arkito\x64\debug\engine_package.obj
c:\program files\cheatgear\result\arkito\1\cpp\x64\debug\arkito.pdb
c:\program files\cheatgear\result\arkito\1\cpp\arkito\x64\debug\arkito.tlog\cl.command.1.tlog
c:\program files\cheatgear\result\arkito\1\cpp\arkito\x64\debug\arkito.tlog\cl.read.1.tlog
c:\program files\cheatgear\result\arkito\1\cpp\arkito\x64\debug\arkito.tlog\cl.write.1.tlog
c:\program files\cheatgear\result\arkito\1\cpp\arkito\x64\debug\arkito.tlog\link-cvtres.read.1.tlog
c:\program files\cheatgear\result\arkito\1\cpp\arkito\x64\debug\arkito.tlog\link-cvtres.write.1.tlog
c:\program files\cheatgear\result\arkito\1\cpp\arkito\x64\debug\arkito.tlog\link-rc.read.1.tlog
c:\program files\cheatgear\result\arkito\1\cpp\arkito\x64\debug\arkito.tlog\link-rc.write.1.tlog
c:\program files\cheatgear\result\arkito\1\cpp\arkito\x64\debug\arkito.tlog\link.command.1.tlog
c:\program files\cheatgear\result\arkito\1\cpp\arkito\x64\debug\arkito.tlog\link.read.1.tlog
c:\program files\cheatgear\result\arkito\1\cpp\arkito\x64\debug\arkito.tlog\link.read.2.tlog
c:\program files\cheatgear\result\arkito\1\cpp\arkito\x64\debug\arkito.tlog\link.write.1.tlog
